0 info it worked if it ends with ok
1 verbose cli [ 'node', '/usr/local/bin/npm', 'publish', './' ]
2 info using npm@2.1.18
3 info using node@v0.10.35
4 verbose node symlink /usr/local/bin/node
5 verbose publish [ './' ]
6 silly cache add args [ './', null ]
7 verbose cache add spec ./
8 silly cache add parsed spec { raw: './',
8 silly cache add   scope: null,
8 silly cache add   name: null,
8 silly cache add   rawSpec: './',
8 silly cache add   spec: '/Users/Wes/Sites/generator-union-webapp',
8 silly cache add   type: 'directory' }
9 verbose addLocalDirectory /Users/Wes/.npm/generator-union-webapp/0.0.23/package.tgz not in flight; packing
10 verbose tar pack [ '/Users/Wes/.npm/generator-union-webapp/0.0.23/package.tgz',
10 verbose tar pack   '/Users/Wes/Sites/generator-union-webapp' ]
11 verbose tarball /Users/Wes/.npm/generator-union-webapp/0.0.23/package.tgz
12 verbose folder /Users/Wes/Sites/generator-union-webapp
13 info prepublish generator-union-webapp@0.0.23
14 verbose addLocalTarball adding from inside cache /Users/Wes/.npm/generator-union-webapp/0.0.23/package.tgz
15 silly cache afterAdd generator-union-webapp@0.0.23
16 verbose afterAdd /Users/Wes/.npm/generator-union-webapp/0.0.23/package/package.json not in flight; writing
17 verbose afterAdd /Users/Wes/.npm/generator-union-webapp/0.0.23/package/package.json written
18 silly publish { name: 'generator-union-webapp',
18 silly publish   version: '0.0.23',
18 silly publish   description: 'Scaffold out a front-end web app',
18 silly publish   license: 'BSD',
18 silly publish   repository:
18 silly publish    { type: 'git',
18 silly publish      url: 'https://github.com/unionco/generator-union-webapp' },
18 silly publish   author: { name: 'The UNION Team' },
18 silly publish   main: 'app/index.js',
18 silly publish   engines: { node: '>=0.10.0', npm: '>=1.3' },
18 silly publish   scripts: { test: 'mocha --reporter spec' },
18 silly publish   files: [ 'app' ],
18 silly publish   keywords:
18 silly publish    [ 'yeoman-generator',
18 silly publish      'web',
18 silly publish      'app',
18 silly publish      'front-end',
18 silly publish      'h5bp',
18 silly publish      'jquery',
18 silly publish      'gulp' ],
18 silly publish   dependencies:
18 silly publish    { chalk: '^1.0.0',
18 silly publish      'yeoman-generator': '^0.18.5',
18 silly publish      yosay: '^1.0.0' },
18 silly publish   peerDependencies: { yo: '>=1.0.0', 'generator-mocha': '>=0.1.0', gulp: '>=3.5.0' },
18 silly publish   devDependencies: { mocha: '*' },
18 silly publish   readme: '# Web app generator [![Build Status](https://secure.travis-ci.org/yeoman/generator-gulp-webapp.svg?branch=master)](http://travis-ci.org/yeoman/generator-gulp-webapp)\n\n> [Yeoman](http://yeoman.io) generator that scaffolds out a front-end web app using [gulp](http://gulpjs.com/) for the build process\n\n![](screenshot.png)\n\n\n## Features\n\nPlease see our [gulpfile.js](app/templates/gulpfile.js) for up to date information on what we support.\n\n* CSS Autoprefixing\n* Built-in preview server with BrowserSync\n* Sass compilation with [libsass](http://libsass.org)\n* Automatically lint your scripts\n* Map compiled CSS to source stylesheets with source maps\n* Image optimization\n* Automatically wire-up dependencies installed with [Bower](http://bower.io)\n\n*For more information on what this generator can do for you, take a look at the [gulp plugins](app/templates/_package.json) used in our `package.json`.*\n\n\n## Getting Started\n\n- Install dependencies: `npm install --global yo bower`\n- Install the generator: `npm install --global generator-union-webapp`\n- Run `yo union-webapp` to scaffold your webapp\n- Run `gulp` to preview and watch for changes\n- Run `bower install --save <package>` to install frontend dependencies\n\n\n## Docs\n\n* [getting started](docs/README.md) with this generator\n* [recipes](docs/recipes/README.md) for integrating other popular technologies like CoffeeScript\n* [details](docs/bower.md) about our Bower setup\n\n\n## Options\n\n- `--skip-welcome-message`\n  Skips Yeoman\'s greeting before displaying options.\n- `--skip-install-message`\n  Skips the the message displayed after scaffolding has finished and before the dependencies are being installed.\n- `--skip-install`\n  Skips the automatic execution of `bower` and `npm` after scaffolding has finished.\n\n\n## Contribute\n\nSee the [contributing docs](contributing.md).\n\n\n## License\n\n[BSD license](http://opensource.org/licenses/bsd-license.php)\n',
18 silly publish   readmeFilename: 'README.md',
18 silly publish   gitHead: '57a9729812ef2111064f4c33cacbdc9e88d3c01f',
18 silly publish   bugs: { url: 'https://github.com/unionco/generator-union-webapp/issues' },
18 silly publish   homepage: 'https://github.com/unionco/generator-union-webapp',
18 silly publish   _id: 'generator-union-webapp@0.0.23',
18 silly publish   _shasum: '556abe6fe4963c0f4f3a06a5aecb61256d2595fd',
18 silly publish   _from: '.' }
19 silly mapToRegistry name generator-union-webapp
20 silly mapToRegistry using default registry
21 silly mapToRegistry registry https://registry.npmjs.org/
22 silly mapToRegistry uri https://registry.npmjs.org/generator-union-webapp
23 verbose publish registryBase https://registry.npmjs.org/
24 silly publish uploading /Users/Wes/.npm/generator-union-webapp/0.0.23/package.tgz
25 verbose request uri https://registry.npmjs.org/generator-union-webapp
26 verbose request sending authorization for write operation
27 info attempt registry request try #1 at 22:40:49
28 verbose request using bearer token for auth
29 verbose request id edbf74fa5684de7a
30 http request PUT https://registry.npmjs.org/generator-union-webapp
31 http 403 https://registry.npmjs.org/generator-union-webapp
32 verbose headers { 'content-type': 'application/json',
32 verbose headers   'cache-control': 'max-age=60',
32 verbose headers   'content-length': '96',
32 verbose headers   'accept-ranges': 'bytes',
32 verbose headers   date: 'Tue, 16 Jun 2015 20:40:50 GMT',
32 verbose headers   via: '1.1 varnish',
32 verbose headers   connection: 'keep-alive',
32 verbose headers   'x-served-by': 'cache-iad2136-IAD',
32 verbose headers   'x-cache': 'MISS',
32 verbose headers   'x-cache-hits': '0',
32 verbose headers   'x-timer': 'S1434487250.437996,VS0,VE392' }
33 verbose request invalidating /Users/Wes/.npm/registry.npmjs.org/generator-union-webapp on PUT
34 error publish Failed PUT 403
35 verbose stack Error: "You cannot publish over the previously published version 0.0.23." : generator-union-webapp
35 verbose stack     at CachingRegistryClient.<anonymous> (/usr/local/lib/node_modules/npm/node_modules/npm-registry-client/lib/request.js:244:14)
35 verbose stack     at Request._callback (/usr/local/lib/node_modules/npm/node_modules/npm-registry-client/lib/request.js:172:14)
35 verbose stack     at Request.self.callback (/usr/local/lib/node_modules/npm/node_modules/request/request.js:373:22)
35 verbose stack     at Request.emit (events.js:98:17)
35 verbose stack     at Request.<anonymous> (/usr/local/lib/node_modules/npm/node_modules/request/request.js:1318:14)
35 verbose stack     at Request.emit (events.js:117:20)
35 verbose stack     at IncomingMessage.<anonymous> (/usr/local/lib/node_modules/npm/node_modules/request/request.js:1266:12)
35 verbose stack     at IncomingMessage.emit (events.js:117:20)
35 verbose stack     at _stream_readable.js:944:16
35 verbose stack     at process._tickCallback (node.js:442:13)
36 verbose statusCode 403
37 verbose pkgid generator-union-webapp
38 verbose cwd /Users/Wes/Sites/generator-union-webapp
39 error Darwin 14.0.0
40 error argv "node" "/usr/local/bin/npm" "publish" "./"
41 error node v0.10.35
42 error npm  v2.1.18
43 error code E403
44 error "You cannot publish over the previously published version 0.0.23." : generator-union-webapp
45 error If you need help, you may report this error at:
45 error     <http://github.com/npm/npm/issues>
46 verbose exit [ 1, true ]
